==206684== Memcheck, a memory error detector
==206684== Copyright (C) 2002-2017, and GNU GPL'd, by Julian Seward et al.
==206684== Using Valgrind-3.18.1 and LibVEX; rerun with -h for copyright info
==206684== Command: ././s21_grep -e while -e void s21_grep.c Makefile -s -l -f test_files/test_ptrn_grep.txt
==206684== Parent PID: 199190
==206684== 
==206684== 
==206684== Process terminating with default action of signal 2 (SIGINT)
==206684==    at 0x497E6E9: open (open64.c:41)
==206684==    by 0x48F6135: _IO_file_open (fileops.c:188)
==206684==    by 0x48F6491: _IO_file_fopen@@GLIBC_2.2.5 (fileops.c:280)
==206684==    by 0x48E972D: __fopen_internal (iofopen.c:75)
==206684==    by 0x48E972D: fopen@@GLIBC_2.2.5 (iofopen.c:86)
==206684==    by 0x109CC8: process_f_flag (in /home/mitchelk/code/task/C3_SimpleBashUtils-1/src/grep/s21_grep)
==206684==    by 0x1095D2: parser (in /home/mitchelk/code/task/C3_SimpleBashUtils-1/src/grep/s21_grep)
==206684==    by 0x1093AF: main (in /home/mitchelk/code/task/C3_SimpleBashUtils-1/src/grep/s21_grep)
==206684== 
==206684== HEAP SUMMARY:
==206684==     in use at exit: 472 bytes in 1 blocks
==206684==   total heap usage: 1 allocs, 0 frees, 472 bytes allocated
==206684== 
==206684== 472 bytes in 1 blocks are still reachable in loss record 1 of 1
==206684==    at 0x4848899: malloc (in /usr/libexec/valgrind/vgpreload_memcheck-amd64-linux.so)
==206684==    by 0x48E96CD: __fopen_internal (iofopen.c:65)
==206684==    by 0x48E96CD: fopen@@GLIBC_2.2.5 (iofopen.c:86)
==206684==    by 0x109CC8: process_f_flag (in /home/mitchelk/code/task/C3_SimpleBashUtils-1/src/grep/s21_grep)
==206684==    by 0x1095D2: parser (in /home/mitchelk/code/task/C3_SimpleBashUtils-1/src/grep/s21_grep)
==206684==    by 0x1093AF: main (in /home/mitchelk/code/task/C3_SimpleBashUtils-1/src/grep/s21_grep)
==206684== 
==206684== LEAK SUMMARY:
==206684==    definitely lost: 0 bytes in 0 blocks
==206684==    indirectly lost: 0 bytes in 0 blocks
==206684==      possibly lost: 0 bytes in 0 blocks
==206684==    still reachable: 472 bytes in 1 blocks
==206684==         suppressed: 0 bytes in 0 blocks
==206684== 
==206684== For lists of detected and suppressed errors, rerun with: -s
==206684== ERROR SUMMARY: 0 errors from 0 contexts (suppressed: 0 from 0)
